2019-10-10T15:59:19+00:00 CRITICAL Uncaught Error: Class 'get_posts' not found in C:\xampp\htdocs\nhomK-woocommerce\wp-content\themes\Project-theme\functions.php:426
Stack trace:
#0 C:\xampp\htdocs\nhomK-woocommerce\wp-includes\class-wp-hook.php(286): pagination_archive('')
#1 C:\xampp\htdocs\nhomK-woocommerce\wp-includes\class-wp-hook.php(310): WP_Hook->apply_filters('', Array)
#2 C:\xampp\htdocs\nhomK-woocommerce\wp-includes\plugin.php(465): WP_Hook->do_action(Array)
#3 C:\xampp\htdocs\nhomK-woocommerce\wp-admin\admin-ajax.php(188): do_action('wp_ajax_nopriv_...')
#4 {main}
  thrown in C:\xampp\htdocs\nhomK-woocommerce\wp-content\themes\Project-theme\functions.php on line 426

2019-10-10T15:59:23+00:00 CRITICAL Uncaught Error: Class 'get_posts' not found in C:\xampp\htdocs\nhomK-woocommerce\wp-content\themes\Project-theme\functions.php:426
Stack trace:
#0 C:\xampp\htdocs\nhomK-woocommerce\wp-includes\class-wp-hook.php(286): pagination_archive('')
#1 C:\xampp\htdocs\nhomK-woocommerce\wp-includes\class-wp-hook.php(310): WP_Hook->apply_filters('', Array)
#2 C:\xampp\htdocs\nhomK-woocommerce\wp-includes\plugin.php(465): WP_Hook->do_action(Array)
#3 C:\xampp\htdocs\nhomK-woocommerce\wp-admin\admin-ajax.php(188): do_action('wp_ajax_nopriv_...')
#4 {main}
  thrown in C:\xampp\htdocs\nhomK-woocommerce\wp-content\themes\Project-theme\functions.php on line 426

2019-10-10T15:59:51+00:00 CRITICAL Uncaught Error: Class 'get_posts' not found in C:\xampp\htdocs\nhomK-woocommerce\wp-content\themes\Project-theme\functions.php:426
Stack trace:
#0 C:\xampp\htdocs\nhomK-woocommerce\wp-includes\class-wp-hook.php(286): pagination_archive('')
#1 C:\xampp\htdocs\nhomK-woocommerce\wp-includes\class-wp-hook.php(310): WP_Hook->apply_filters('', Array)
#2 C:\xampp\htdocs\nhomK-woocommerce\wp-includes\plugin.php(465): WP_Hook->do_action(Array)
#3 C:\xampp\htdocs\nhomK-woocommerce\wp-admin\admin-ajax.php(188): do_action('wp_ajax_nopriv_...')
#4 {main}
  thrown in C:\xampp\htdocs\nhomK-woocommerce\wp-content\themes\Project-theme\functions.php on line 426

2019-10-10T15:59:55+00:00 CRITICAL Uncaught Error: Class 'get_posts' not found in C:\xampp\htdocs\nhomK-woocommerce\wp-content\themes\Project-theme\functions.php:426
Stack trace:
#0 C:\xampp\htdocs\nhomK-woocommerce\wp-includes\class-wp-hook.php(286): pagination_archive('')
#1 C:\xampp\htdocs\nhomK-woocommerce\wp-includes\class-wp-hook.php(310): WP_Hook->apply_filters('', Array)
#2 C:\xampp\htdocs\nhomK-woocommerce\wp-includes\plugin.php(465): WP_Hook->do_action(Array)
#3 C:\xampp\htdocs\nhomK-woocommerce\wp-admin\admin-ajax.php(188): do_action('wp_ajax_nopriv_...')
#4 {main}
  thrown in C:\xampp\htdocs\nhomK-woocommerce\wp-content\themes\Project-theme\functions.php on line 426

2019-10-10T16:02:02+00:00 CRITICAL Uncaught Error: Call to a member function have_posts() on string in C:\xampp\htdocs\nhomK-woocommerce\wp-content\themes\Project-theme\functions.php:443
Stack trace:
#0 C:\xampp\htdocs\nhomK-woocommerce\wp-includes\class-wp-hook.php(286): pagination_archive('')
#1 C:\xampp\htdocs\nhomK-woocommerce\wp-includes\class-wp-hook.php(310): WP_Hook->apply_filters('', Array)
#2 C:\xampp\htdocs\nhomK-woocommerce\wp-includes\plugin.php(465): WP_Hook->do_action(Array)
#3 C:\xampp\htdocs\nhomK-woocommerce\wp-admin\admin-ajax.php(188): do_action('wp_ajax_nopriv_...')
#4 {main}
  thrown in C:\xampp\htdocs\nhomK-woocommerce\wp-content\themes\Project-theme\functions.php on line 443

2019-10-10T16:02:06+00:00 CRITICAL Uncaught Error: Call to a member function have_posts() on string in C:\xampp\htdocs\nhomK-woocommerce\wp-content\themes\Project-theme\functions.php:443
Stack trace:
#0 C:\xampp\htdocs\nhomK-woocommerce\wp-includes\class-wp-hook.php(286): pagination_archive('')
#1 C:\xampp\htdocs\nhomK-woocommerce\wp-includes\class-wp-hook.php(310): WP_Hook->apply_filters('', Array)
#2 C:\xampp\htdocs\nhomK-woocommerce\wp-includes\plugin.php(465): WP_Hook->do_action(Array)
#3 C:\xampp\htdocs\nhomK-woocommerce\wp-admin\admin-ajax.php(188): do_action('wp_ajax_nopriv_...')
#4 {main}
  thrown in C:\xampp\htdocs\nhomK-woocommerce\wp-content\themes\Project-theme\functions.php on line 443

