2019-10-06T01:15:53+00:00 CRITICAL Maximum execution time of 30 seconds exceeded in C:\xampp\htdocs\nhomK-woocommerce\wp-includes\formatting.php on line 2126

2019-10-06T02:20:28+00:00 CRITICAL syntax error, unexpected end of file in C:\xampp\htdocs\nhomK-woocommerce\wp-content\themes\Project-theme\woocommerce\archive-product.php on line 81

2019-10-06T03:38:07+00:00 CRITICAL Uncaught Error: Call to undefined method WC_Product_Query::have_posts() in C:\xampp\htdocs\nhomK-woocommerce\wp-content\plugins\collection.php:150
Stack trace:
#0 C:\xampp\htdocs\nhomK-woocommerce\wp-includes\class-wp-widget.php(378): Product_Widget->widget(Array, Array)
#1 C:\xampp\htdocs\nhomK-woocommerce\wp-includes\widgets.php(770): WP_Widget->display_callback(Array, Array)
#2 C:\xampp\htdocs\nhomK-woocommerce\wp-content\themes\Project-theme\Callwidget\number-collection.php(5): dynamic_sidebar('collection-cont...')
#3 C:\xampp\htdocs\nhomK-woocommerce\wp-includes\template.php(724): require('C:\\xampp\\htdocs...')
#4 C:\xampp\htdocs\nhomK-woocommerce\wp-includes\template.php(671): load_template('C:\\xampp\\htdocs...', false)
#5 C:\xampp\htdocs\nhomK-woocommerce\wp-includes\general-template.php(168): locate_template(Array, true, false)
#6 C:\xampp\htdocs\nhomK-woocommerce\wp-content\themes\Project-theme\template\template-index.php(13): get_template_part('Callwidget/numb...', 'collection')
#7 C:\xampp\htdocs in C:\xampp\htdocs\nhomK-woocommerce\wp-content\plugins\collection.php on line 150

2019-10-06T03:40:27+00:00 CRITICAL Uncaught Error: Class 'wc_get_products' not found in C:\xampp\htdocs\nhomK-woocommerce\wp-content\plugins\collection.php:133
Stack trace:
#0 C:\xampp\htdocs\nhomK-woocommerce\wp-includes\class-wp-widget.php(378): Product_Widget->widget(Array, Array)
#1 C:\xampp\htdocs\nhomK-woocommerce\wp-includes\widgets.php(770): WP_Widget->display_callback(Array, Array)
#2 C:\xampp\htdocs\nhomK-woocommerce\wp-content\themes\Project-theme\Callwidget\number-collection.php(5): dynamic_sidebar('collection-cont...')
#3 C:\xampp\htdocs\nhomK-woocommerce\wp-includes\template.php(724): require('C:\\xampp\\htdocs...')
#4 C:\xampp\htdocs\nhomK-woocommerce\wp-includes\template.php(671): load_template('C:\\xampp\\htdocs...', false)
#5 C:\xampp\htdocs\nhomK-woocommerce\wp-includes\general-template.php(168): locate_template(Array, true, false)
#6 C:\xampp\htdocs\nhomK-woocommerce\wp-content\themes\Project-theme\template\template-index.php(13): get_template_part('Callwidget/numb...', 'collection')
#7 C:\xampp\htdocs\nhomK-woocommerce\wp- in C:\xampp\htdocs\nhomK-woocommerce\wp-content\plugins\collection.php on line 133

2019-10-06T03:49:15+00:00 CRITICAL Uncaught Error: Call to a member function have_posts() on array in C:\xampp\htdocs\nhomK-woocommerce\wp-content\themes\Project-theme\woocommerce\archive-product.php:46
Stack trace:
#0 C:\xampp\htdocs\nhomK-woocommerce\wp-content\plugins\woocommerce\includes\wc-core-functions.php(249): include()
#1 C:\xampp\htdocs\nhomK-woocommerce\wp-content\themes\Project-theme\woocommerce\taxonomy-product_cat.php(22): wc_get_template('archive-product...')
#2 C:\xampp\htdocs\nhomK-woocommerce\wp-includes\template-loader.php(78): include('C:\\xampp\\htdocs...')
#3 C:\xampp\htdocs\nhomK-woocommerce\wp-blog-header.php(19): require_once('C:\\xampp\\htdocs...')
#4 C:\xampp\htdocs\nhomK-woocommerce\index.php(17): require('C:\\xampp\\htdocs...')
#5 {main}
  thrown in C:\xampp\htdocs\nhomK-woocommerce\wp-content\themes\Project-theme\woocommerce\archive-product.php on line 46

2019-10-06T03:50:12+00:00 CRITICAL Uncaught Error: Call to a member function have_posts() on array in C:\xampp\htdocs\nhomK-woocommerce\wp-content\themes\Project-theme\woocommerce\archive-product.php:46
Stack trace:
#0 C:\xampp\htdocs\nhomK-woocommerce\wp-content\plugins\woocommerce\includes\wc-core-functions.php(249): include()
#1 C:\xampp\htdocs\nhomK-woocommerce\wp-content\themes\Project-theme\woocommerce\taxonomy-product_cat.php(22): wc_get_template('archive-product...')
#2 C:\xampp\htdocs\nhomK-woocommerce\wp-includes\template-loader.php(78): include('C:\\xampp\\htdocs...')
#3 C:\xampp\htdocs\nhomK-woocommerce\wp-blog-header.php(19): require_once('C:\\xampp\\htdocs...')
#4 C:\xampp\htdocs\nhomK-woocommerce\index.php(17): require('C:\\xampp\\htdocs...')
#5 {main}
  thrown in C:\xampp\htdocs\nhomK-woocommerce\wp-content\themes\Project-theme\woocommerce\archive-product.php on line 46

2019-10-06T03:51:32+00:00 CRITICAL Uncaught Error: Call to a member function have_posts() on array in C:\xampp\htdocs\nhomK-woocommerce\wp-content\themes\Project-theme\woocommerce\archive-product.php:45
Stack trace:
#0 C:\xampp\htdocs\nhomK-woocommerce\wp-content\plugins\woocommerce\includes\wc-core-functions.php(249): include()
#1 C:\xampp\htdocs\nhomK-woocommerce\wp-content\themes\Project-theme\woocommerce\taxonomy-product_cat.php(22): wc_get_template('archive-product...')
#2 C:\xampp\htdocs\nhomK-woocommerce\wp-includes\template-loader.php(78): include('C:\\xampp\\htdocs...')
#3 C:\xampp\htdocs\nhomK-woocommerce\wp-blog-header.php(19): require_once('C:\\xampp\\htdocs...')
#4 C:\xampp\htdocs\nhomK-woocommerce\index.php(17): require('C:\\xampp\\htdocs...')
#5 {main}
  thrown in C:\xampp\htdocs\nhomK-woocommerce\wp-content\themes\Project-theme\woocommerce\archive-product.php on line 45

2019-10-06T03:51:43+00:00 CRITICAL Uncaught Error: Call to a member function have_posts() on array in C:\xampp\htdocs\nhomK-woocommerce\wp-content\themes\Project-theme\woocommerce\archive-product.php:46
Stack trace:
#0 C:\xampp\htdocs\nhomK-woocommerce\wp-content\plugins\woocommerce\includes\wc-core-functions.php(249): include()
#1 C:\xampp\htdocs\nhomK-woocommerce\wp-content\themes\Project-theme\woocommerce\taxonomy-product_cat.php(22): wc_get_template('archive-product...')
#2 C:\xampp\htdocs\nhomK-woocommerce\wp-includes\template-loader.php(78): include('C:\\xampp\\htdocs...')
#3 C:\xampp\htdocs\nhomK-woocommerce\wp-blog-header.php(19): require_once('C:\\xampp\\htdocs...')
#4 C:\xampp\htdocs\nhomK-woocommerce\index.php(17): require('C:\\xampp\\htdocs...')
#5 {main}
  thrown in C:\xampp\htdocs\nhomK-woocommerce\wp-content\themes\Project-theme\woocommerce\archive-product.php on line 46

2019-10-06T13:30:52+00:00 CRITICAL Uncaught Error: Call to undefined function woo_pagination() in C:\xampp\htdocs\nhomK-woocommerce\wp-content\themes\Project-theme\woocommerce\archive-product.php:51
Stack trace:
#0 C:\xampp\htdocs\nhomK-woocommerce\wp-content\plugins\woocommerce\includes\wc-core-functions.php(249): include()
#1 C:\xampp\htdocs\nhomK-woocommerce\wp-content\themes\Project-theme\woocommerce\taxonomy-product_cat.php(22): wc_get_template('archive-product...')
#2 C:\xampp\htdocs\nhomK-woocommerce\wp-includes\template-loader.php(78): include('C:\\xampp\\htdocs...')
#3 C:\xampp\htdocs\nhomK-woocommerce\wp-blog-header.php(19): require_once('C:\\xampp\\htdocs...')
#4 C:\xampp\htdocs\nhomK-woocommerce\index.php(17): require('C:\\xampp\\htdocs...')
#5 {main}
  thrown in C:\xampp\htdocs\nhomK-woocommerce\wp-content\themes\Project-theme\woocommerce\archive-product.php on line 51

2019-10-06T13:31:29+00:00 CRITICAL Uncaught Error: Call to undefined function woo_pagination() in C:\xampp\htdocs\nhomK-woocommerce\wp-content\themes\Project-theme\woocommerce\archive-product.php:49
Stack trace:
#0 C:\xampp\htdocs\nhomK-woocommerce\wp-content\plugins\woocommerce\includes\wc-core-functions.php(249): include()
#1 C:\xampp\htdocs\nhomK-woocommerce\wp-content\themes\Project-theme\woocommerce\taxonomy-product_cat.php(22): wc_get_template('archive-product...')
#2 C:\xampp\htdocs\nhomK-woocommerce\wp-includes\template-loader.php(78): include('C:\\xampp\\htdocs...')
#3 C:\xampp\htdocs\nhomK-woocommerce\wp-blog-header.php(19): require_once('C:\\xampp\\htdocs...')
#4 C:\xampp\htdocs\nhomK-woocommerce\index.php(17): require('C:\\xampp\\htdocs...')
#5 {main}
  thrown in C:\xampp\htdocs\nhomK-woocommerce\wp-content\themes\Project-theme\woocommerce\archive-product.php on line 49

2019-10-06T14:56:44+00:00 CRITICAL Uncaught Error: Call to undefined function woo_pagination() in C:\xampp\htdocs\nhomK-woocommerce\wp-content\themes\Project-theme\woocommerce\archive-product.php:49
Stack trace:
#0 C:\xampp\htdocs\nhomK-woocommerce\wp-content\plugins\woocommerce\includes\wc-core-functions.php(249): include()
#1 C:\xampp\htdocs\nhomK-woocommerce\wp-content\themes\Project-theme\woocommerce\taxonomy-product_cat.php(22): wc_get_template('archive-product...')
#2 C:\xampp\htdocs\nhomK-woocommerce\wp-includes\template-loader.php(78): include('C:\\xampp\\htdocs...')
#3 C:\xampp\htdocs\nhomK-woocommerce\wp-blog-header.php(19): require_once('C:\\xampp\\htdocs...')
#4 C:\xampp\htdocs\nhomK-woocommerce\index.php(17): require('C:\\xampp\\htdocs...')
#5 {main}
  thrown in C:\xampp\htdocs\nhomK-woocommerce\wp-content\themes\Project-theme\woocommerce\archive-product.php on line 49

2019-10-06T15:01:13+00:00 CRITICAL Maximum execution time of 30 seconds exceeded in C:\xampp\htdocs\nhomK-woocommerce\wp-content\plugins\woocommerce\includes\wc-template-functions.php on line 652

2019-10-06T15:03:32+00:00 CRITICAL Maximum execution time of 30 seconds exceeded in C:\xampp\htdocs\nhomK-woocommerce\wp-content\themes\Project-theme\woocommerce\content-product.php on line 18

2019-10-06T15:04:06+00:00 CRITICAL Maximum execution time of 30 seconds exceeded in C:\xampp\htdocs\nhomK-woocommerce\wp-content\themes\Project-theme\woocommerce\content-product.php on line 18

