2019-10-18T14:15:02+00:00 CRITICAL Uncaught Error: Call to undefined method WP_Post::classes() in C:\xampp\htdocs\nhomK-woocommerce\wp-content\themes\Project-Theme-woocomerce\class-wp-bootstrap-navwalker.php:156
Stack trace:
#0 C:\xampp\htdocs\nhomK-woocommerce\wp-includes\class-wp-walker.php(145): WP_Bootstrap_Navwalker->start_el('<li itemscope="...', Object(WP_Post), 0, Object(stdClass))
#1 C:\xampp\htdocs\nhomK-woocommerce\wp-content\themes\Project-Theme-woocomerce\class-wp-bootstrap-navwalker.php(297): Walker->display_element(Object(WP_Post), Array, 3, 0, Array, '<li itemscope="...')
#2 C:\xampp\htdocs\nhomK-woocommerce\wp-includes\class-wp-walker.php(246): WP_Bootstrap_Navwalker->display_element(Object(WP_Post), Array, 3, 0, Array, '<li itemscope="...')
#3 C:\xampp\htdocs\nhomK-woocommerce\wp-includes\nav-menu-template.php(580): Walker->walk(Array, 3, Object(stdClass))
#4 C:\xampp\htdocs\nhomK-woocommerce\wp-includes\nav-menu-template.php(213): walk_nav_menu_tree(Array, 3, Object(stdClass))
#5 C:\xampp\htdocs\nhomK-woocommerce\wp-content\ in C:\xampp\htdocs\nhomK-woocommerce\wp-content\themes\Project-Theme-woocomerce\class-wp-bootstrap-navwalker.php on line 156

2019-10-18T14:15:05+00:00 CRITICAL Uncaught Error: Call to undefined method WP_Post::classes() in C:\xampp\htdocs\nhomK-woocommerce\wp-content\themes\Project-Theme-woocomerce\class-wp-bootstrap-navwalker.php:156
Stack trace:
#0 C:\xampp\htdocs\nhomK-woocommerce\wp-includes\class-wp-walker.php(145): WP_Bootstrap_Navwalker->start_el('<li itemscope="...', Object(WP_Post), 0, Object(stdClass))
#1 C:\xampp\htdocs\nhomK-woocommerce\wp-content\themes\Project-Theme-woocomerce\class-wp-bootstrap-navwalker.php(297): Walker->display_element(Object(WP_Post), Array, 3, 0, Array, '<li itemscope="...')
#2 C:\xampp\htdocs\nhomK-woocommerce\wp-includes\class-wp-walker.php(246): WP_Bootstrap_Navwalker->display_element(Object(WP_Post), Array, 3, 0, Array, '<li itemscope="...')
#3 C:\xampp\htdocs\nhomK-woocommerce\wp-includes\nav-menu-template.php(580): Walker->walk(Array, 3, Object(stdClass))
#4 C:\xampp\htdocs\nhomK-woocommerce\wp-includes\nav-menu-template.php(213): walk_nav_menu_tree(Array, 3, Object(stdClass))
#5 C:\xampp\htdocs\nhomK-woocommerce\wp-content\ in C:\xampp\htdocs\nhomK-woocommerce\wp-content\themes\Project-Theme-woocomerce\class-wp-bootstrap-navwalker.php on line 156

2019-10-18T14:17:37+00:00 CRITICAL Uncaught Error: Call to a member function array() on array in C:\xampp\htdocs\nhomK-woocommerce\wp-content\themes\Project-Theme-woocomerce\class-wp-bootstrap-navwalker.php:157
Stack trace:
#0 C:\xampp\htdocs\nhomK-woocommerce\wp-includes\class-wp-walker.php(145): WP_Bootstrap_Navwalker->start_el('<li itemscope="...', Object(WP_Post), 0, Object(stdClass))
#1 C:\xampp\htdocs\nhomK-woocommerce\wp-content\themes\Project-Theme-woocomerce\class-wp-bootstrap-navwalker.php(298): Walker->display_element(Object(WP_Post), Array, 3, 0, Array, '<li itemscope="...')
#2 C:\xampp\htdocs\nhomK-woocommerce\wp-includes\class-wp-walker.php(246): WP_Bootstrap_Navwalker->display_element(Object(WP_Post), Array, 3, 0, Array, '<li itemscope="...')
#3 C:\xampp\htdocs\nhomK-woocommerce\wp-includes\nav-menu-template.php(580): Walker->walk(Array, 3, Object(stdClass))
#4 C:\xampp\htdocs\nhomK-woocommerce\wp-includes\nav-menu-template.php(213): walk_nav_menu_tree(Array, 3, Object(stdClass))
#5 C:\xampp\htdocs\nhomK-woocommerce\wp-content\t in C:\xampp\htdocs\nhomK-woocommerce\wp-content\themes\Project-Theme-woocomerce\class-wp-bootstrap-navwalker.php on line 157

2019-10-18T14:17:39+00:00 CRITICAL Uncaught Error: Call to a member function array() on array in C:\xampp\htdocs\nhomK-woocommerce\wp-content\themes\Project-Theme-woocomerce\class-wp-bootstrap-navwalker.php:157
Stack trace:
#0 C:\xampp\htdocs\nhomK-woocommerce\wp-includes\class-wp-walker.php(145): WP_Bootstrap_Navwalker->start_el('<li itemscope="...', Object(WP_Post), 0, Object(stdClass))
#1 C:\xampp\htdocs\nhomK-woocommerce\wp-content\themes\Project-Theme-woocomerce\class-wp-bootstrap-navwalker.php(298): Walker->display_element(Object(WP_Post), Array, 3, 0, Array, '<li itemscope="...')
#2 C:\xampp\htdocs\nhomK-woocommerce\wp-includes\class-wp-walker.php(246): WP_Bootstrap_Navwalker->display_element(Object(WP_Post), Array, 3, 0, Array, '<li itemscope="...')
#3 C:\xampp\htdocs\nhomK-woocommerce\wp-includes\nav-menu-template.php(580): Walker->walk(Array, 3, Object(stdClass))
#4 C:\xampp\htdocs\nhomK-woocommerce\wp-includes\nav-menu-template.php(213): walk_nav_menu_tree(Array, 3, Object(stdClass))
#5 C:\xampp\htdocs\nhomK-woocommerce\wp-content\t in C:\xampp\htdocs\nhomK-woocommerce\wp-content\themes\Project-Theme-woocomerce\class-wp-bootstrap-navwalker.php on line 157

2019-10-18T14:17:45+00:00 CRITICAL Uncaught Error: Call to a member function array() on array in C:\xampp\htdocs\nhomK-woocommerce\wp-content\themes\Project-Theme-woocomerce\class-wp-bootstrap-navwalker.php:157
Stack trace:
#0 C:\xampp\htdocs\nhomK-woocommerce\wp-includes\class-wp-walker.php(145): WP_Bootstrap_Navwalker->start_el('<li itemscope="...', Object(WP_Post), 0, Object(stdClass))
#1 C:\xampp\htdocs\nhomK-woocommerce\wp-content\themes\Project-Theme-woocomerce\class-wp-bootstrap-navwalker.php(298): Walker->display_element(Object(WP_Post), Array, 3, 0, Array, '<li itemscope="...')
#2 C:\xampp\htdocs\nhomK-woocommerce\wp-includes\class-wp-walker.php(246): WP_Bootstrap_Navwalker->display_element(Object(WP_Post), Array, 3, 0, Array, '<li itemscope="...')
#3 C:\xampp\htdocs\nhomK-woocommerce\wp-includes\nav-menu-template.php(580): Walker->walk(Array, 3, Object(stdClass))
#4 C:\xampp\htdocs\nhomK-woocommerce\wp-includes\nav-menu-template.php(213): walk_nav_menu_tree(Array, 3, Object(stdClass))
#5 C:\xampp\htdocs\nhomK-woocommerce\wp-content\t in C:\xampp\htdocs\nhomK-woocommerce\wp-content\themes\Project-Theme-woocomerce\class-wp-bootstrap-navwalker.php on line 157

2019-10-18T14:17:47+00:00 CRITICAL Uncaught Error: Call to a member function array() on array in C:\xampp\htdocs\nhomK-woocommerce\wp-content\themes\Project-Theme-woocomerce\class-wp-bootstrap-navwalker.php:157
Stack trace:
#0 C:\xampp\htdocs\nhomK-woocommerce\wp-includes\class-wp-walker.php(145): WP_Bootstrap_Navwalker->start_el('<li itemscope="...', Object(WP_Post), 0, Object(stdClass))
#1 C:\xampp\htdocs\nhomK-woocommerce\wp-content\themes\Project-Theme-woocomerce\class-wp-bootstrap-navwalker.php(298): Walker->display_element(Object(WP_Post), Array, 3, 0, Array, '<li itemscope="...')
#2 C:\xampp\htdocs\nhomK-woocommerce\wp-includes\class-wp-walker.php(246): WP_Bootstrap_Navwalker->display_element(Object(WP_Post), Array, 3, 0, Array, '<li itemscope="...')
#3 C:\xampp\htdocs\nhomK-woocommerce\wp-includes\nav-menu-template.php(580): Walker->walk(Array, 3, Object(stdClass))
#4 C:\xampp\htdocs\nhomK-woocommerce\wp-includes\nav-menu-template.php(213): walk_nav_menu_tree(Array, 3, Object(stdClass))
#5 C:\xampp\htdocs\nhomK-woocommerce\wp-content\t in C:\xampp\htdocs\nhomK-woocommerce\wp-content\themes\Project-Theme-woocomerce\class-wp-bootstrap-navwalker.php on line 157

2019-10-18T14:17:57+00:00 CRITICAL syntax error, unexpected '1' (T_LNUMBER), expecting identifier (T_STRING) or variable (T_VARIABLE) or '{' or '$' in C:\xampp\htdocs\nhomK-woocommerce\wp-content\themes\Project-Theme-woocomerce\class-wp-bootstrap-navwalker.php on line 157

