2019-10-09T08:01:26+00:00 CRITICAL Uncaught Error: Class 'wc_get_products' not found in C:\xampp\htdocs\nhomK-woocommerce\wp-content\themes\Project-theme\woocommerce\archive-product.php:78
Stack trace:
#0 C:\xampp\htdocs\nhomK-woocommerce\wp-includes\template.php(724): require()
#1 C:\xampp\htdocs\nhomK-woocommerce\wp-includes\template.php(671): load_template('C:\\xampp\\htdocs...', false)
#2 C:\xampp\htdocs\nhomK-woocommerce\wp-includes\general-template.php(168): locate_template(Array, true, false)
#3 C:\xampp\htdocs\nhomK-woocommerce\wp-content\themes\Project-theme\functions.php(371): get_template_part('woocommerce/arc...', 'product')
#4 C:\xampp\htdocs\nhomK-woocommerce\wp-includes\class-wp-hook.php(286): menu_ajax('')
#5 C:\xampp\htdocs\nhomK-woocommerce\wp-includes\class-wp-hook.php(310): WP_Hook->apply_filters('', Array)
#6 C:\xampp\htdocs\nhomK-woocommerce\wp-includes\plugin.php(465): WP_Hook->do_action(Array)
#7 C:\xampp\htdocs\nhomK-woocommerce\wp-admin\admin-ajax.php(173): do_action('wp_ajax_menu_aj...')
#8 {main}
  thrown in C:\xampp\htdocs\nhomK-woocommerce\wp-content\themes\Project-theme\woocommerce\archive-product.php on line 78

2019-10-09T08:01:35+00:00 CRITICAL Uncaught Error: Class 'wc_get_products' not found in C:\xampp\htdocs\nhomK-woocommerce\wp-content\themes\Project-theme\woocommerce\archive-product.php:78
Stack trace:
#0 C:\xampp\htdocs\nhomK-woocommerce\wp-includes\template.php(724): require()
#1 C:\xampp\htdocs\nhomK-woocommerce\wp-includes\template.php(671): load_template('C:\\xampp\\htdocs...', false)
#2 C:\xampp\htdocs\nhomK-woocommerce\wp-includes\general-template.php(168): locate_template(Array, true, false)
#3 C:\xampp\htdocs\nhomK-woocommerce\wp-content\themes\Project-theme\functions.php(371): get_template_part('woocommerce/arc...', 'product')
#4 C:\xampp\htdocs\nhomK-woocommerce\wp-includes\class-wp-hook.php(286): menu_ajax('')
#5 C:\xampp\htdocs\nhomK-woocommerce\wp-includes\class-wp-hook.php(310): WP_Hook->apply_filters('', Array)
#6 C:\xampp\htdocs\nhomK-woocommerce\wp-includes\plugin.php(465): WP_Hook->do_action(Array)
#7 C:\xampp\htdocs\nhomK-woocommerce\wp-admin\admin-ajax.php(173): do_action('wp_ajax_menu_aj...')
#8 {main}
  thrown in C:\xampp\htdocs\nhomK-woocommerce\wp-content\themes\Project-theme\woocommerce\archive-product.php on line 78

2019-10-09T08:01:57+00:00 CRITICAL Uncaught Error: Class 'wc_get_products' not found in C:\xampp\htdocs\nhomK-woocommerce\wp-content\themes\Project-theme\woocommerce\archive-product.php:78
Stack trace:
#0 C:\xampp\htdocs\nhomK-woocommerce\wp-includes\template.php(724): require()
#1 C:\xampp\htdocs\nhomK-woocommerce\wp-includes\template.php(671): load_template('C:\\xampp\\htdocs...', false)
#2 C:\xampp\htdocs\nhomK-woocommerce\wp-includes\general-template.php(168): locate_template(Array, true, false)
#3 C:\xampp\htdocs\nhomK-woocommerce\wp-content\themes\Project-theme\functions.php(371): get_template_part('woocommerce/arc...', 'product')
#4 C:\xampp\htdocs\nhomK-woocommerce\wp-includes\class-wp-hook.php(286): menu_ajax('')
#5 C:\xampp\htdocs\nhomK-woocommerce\wp-includes\class-wp-hook.php(310): WP_Hook->apply_filters('', Array)
#6 C:\xampp\htdocs\nhomK-woocommerce\wp-includes\plugin.php(465): WP_Hook->do_action(Array)
#7 C:\xampp\htdocs\nhomK-woocommerce\wp-admin\admin-ajax.php(173): do_action('wp_ajax_menu_aj...')
#8 {main}
  thrown in C:\xampp\htdocs\nhomK-woocommerce\wp-content\themes\Project-theme\woocommerce\archive-product.php on line 78

2019-10-09T08:18:20+00:00 CRITICAL Uncaught Error: Call to undefined method WC_Product::post_type() in C:\xampp\htdocs\nhomK-woocommerce\wp-content\themes\Project-theme\woocommerce\archive-product.php:80
Stack trace:
#0 C:\xampp\htdocs\nhomK-woocommerce\wp-includes\template.php(724): require()
#1 C:\xampp\htdocs\nhomK-woocommerce\wp-includes\template.php(671): load_template('C:\\xampp\\htdocs...', false)
#2 C:\xampp\htdocs\nhomK-woocommerce\wp-includes\general-template.php(168): locate_template(Array, true, false)
#3 C:\xampp\htdocs\nhomK-woocommerce\wp-content\themes\Project-theme\functions.php(371): get_template_part('woocommerce/arc...', 'product')
#4 C:\xampp\htdocs\nhomK-woocommerce\wp-includes\class-wp-hook.php(286): menu_ajax('')
#5 C:\xampp\htdocs\nhomK-woocommerce\wp-includes\class-wp-hook.php(310): WP_Hook->apply_filters('', Array)
#6 C:\xampp\htdocs\nhomK-woocommerce\wp-includes\plugin.php(465): WP_Hook->do_action(Array)
#7 C:\xampp\htdocs\nhomK-woocommerce\wp-admin\admin-ajax.php(173): do_action('wp_ajax_menu_aj...')
#8 {main}
  th in C:\xampp\htdocs\nhomK-woocommerce\wp-content\themes\Project-theme\woocommerce\archive-product.php on line 80

2019-10-09T08:18:25+00:00 CRITICAL Uncaught Error: Call to undefined method WC_Product::post_type() in C:\xampp\htdocs\nhomK-woocommerce\wp-content\themes\Project-theme\woocommerce\archive-product.php:80
Stack trace:
#0 C:\xampp\htdocs\nhomK-woocommerce\wp-includes\template.php(724): require()
#1 C:\xampp\htdocs\nhomK-woocommerce\wp-includes\template.php(671): load_template('C:\\xampp\\htdocs...', false)
#2 C:\xampp\htdocs\nhomK-woocommerce\wp-includes\general-template.php(168): locate_template(Array, true, false)
#3 C:\xampp\htdocs\nhomK-woocommerce\wp-content\themes\Project-theme\functions.php(371): get_template_part('woocommerce/arc...', 'product')
#4 C:\xampp\htdocs\nhomK-woocommerce\wp-includes\class-wp-hook.php(286): menu_ajax('')
#5 C:\xampp\htdocs\nhomK-woocommerce\wp-includes\class-wp-hook.php(310): WP_Hook->apply_filters('', Array)
#6 C:\xampp\htdocs\nhomK-woocommerce\wp-includes\plugin.php(465): WP_Hook->do_action(Array)
#7 C:\xampp\htdocs\nhomK-woocommerce\wp-admin\admin-ajax.php(173): do_action('wp_ajax_menu_aj...')
#8 {main}
  th in C:\xampp\htdocs\nhomK-woocommerce\wp-content\themes\Project-theme\woocommerce\archive-product.php on line 80

2019-10-09T08:44:44+00:00 CRITICAL Uncaught Error: Call to undefined method WC_Product_Query::have_posts() in C:\xampp\htdocs\nhomK-woocommerce\wp-content\themes\Project-theme\woocommerce\archive-product.php:88
Stack trace:
#0 C:\xampp\htdocs\nhomK-woocommerce\wp-includes\template.php(724): require()
#1 C:\xampp\htdocs\nhomK-woocommerce\wp-includes\template.php(671): load_template('C:\\xampp\\htdocs...', false)
#2 C:\xampp\htdocs\nhomK-woocommerce\wp-includes\general-template.php(168): locate_template(Array, true, false)
#3 C:\xampp\htdocs\nhomK-woocommerce\wp-content\themes\Project-theme\functions.php(371): get_template_part('woocommerce/arc...', 'product')
#4 C:\xampp\htdocs\nhomK-woocommerce\wp-includes\class-wp-hook.php(286): menu_ajax('')
#5 C:\xampp\htdocs\nhomK-woocommerce\wp-includes\class-wp-hook.php(310): WP_Hook->apply_filters('', Array)
#6 C:\xampp\htdocs\nhomK-woocommerce\wp-includes\plugin.php(465): WP_Hook->do_action(Array)
#7 C:\xampp\htdocs\nhomK-woocommerce\wp-admin\admin-ajax.php(173): do_action('wp_ajax_menu_aj...')
#8 {mai in C:\xampp\htdocs\nhomK-woocommerce\wp-content\themes\Project-theme\woocommerce\archive-product.php on line 88

2019-10-09T08:44:51+00:00 CRITICAL Uncaught Error: Call to undefined method WC_Product_Query::have_posts() in C:\xampp\htdocs\nhomK-woocommerce\wp-content\themes\Project-theme\woocommerce\archive-product.php:88
Stack trace:
#0 C:\xampp\htdocs\nhomK-woocommerce\wp-includes\template.php(724): require()
#1 C:\xampp\htdocs\nhomK-woocommerce\wp-includes\template.php(671): load_template('C:\\xampp\\htdocs...', false)
#2 C:\xampp\htdocs\nhomK-woocommerce\wp-includes\general-template.php(168): locate_template(Array, true, false)
#3 C:\xampp\htdocs\nhomK-woocommerce\wp-content\themes\Project-theme\functions.php(371): get_template_part('woocommerce/arc...', 'product')
#4 C:\xampp\htdocs\nhomK-woocommerce\wp-includes\class-wp-hook.php(286): menu_ajax('')
#5 C:\xampp\htdocs\nhomK-woocommerce\wp-includes\class-wp-hook.php(310): WP_Hook->apply_filters('', Array)
#6 C:\xampp\htdocs\nhomK-woocommerce\wp-includes\plugin.php(465): WP_Hook->do_action(Array)
#7 C:\xampp\htdocs\nhomK-woocommerce\wp-admin\admin-ajax.php(173): do_action('wp_ajax_menu_aj...')
#8 {mai in C:\xampp\htdocs\nhomK-woocommerce\wp-content\themes\Project-theme\woocommerce\archive-product.php on line 88

2019-10-09T14:03:25+00:00 CRITICAL Uncaught Error: Call to a member function get_name() on bool in C:\xampp\htdocs\nhomK-woocommerce\wp-content\themes\Project-theme\woocommerce\archive-product.php:88
Stack trace:
#0 C:\xampp\htdocs\nhomK-woocommerce\wp-includes\template.php(724): require()
#1 C:\xampp\htdocs\nhomK-woocommerce\wp-includes\template.php(671): load_template('C:\\xampp\\htdocs...', false)
#2 C:\xampp\htdocs\nhomK-woocommerce\wp-includes\general-template.php(168): locate_template(Array, true, false)
#3 C:\xampp\htdocs\nhomK-woocommerce\wp-content\themes\Project-theme\functions.php(371): get_template_part('woocommerce/arc...', 'product')
#4 C:\xampp\htdocs\nhomK-woocommerce\wp-includes\class-wp-hook.php(286): menu_ajax('')
#5 C:\xampp\htdocs\nhomK-woocommerce\wp-includes\class-wp-hook.php(310): WP_Hook->apply_filters('', Array)
#6 C:\xampp\htdocs\nhomK-woocommerce\wp-includes\plugin.php(465): WP_Hook->do_action(Array)
#7 C:\xampp\htdocs\nhomK-woocommerce\wp-admin\admin-ajax.php(173): do_action('wp_ajax_menu_aj...')
#8 {main}
  thrown in C:\xampp\htdocs\nhomK-woocommerce\wp-content\themes\Project-theme\woocommerce\archive-product.php on line 88

2019-10-09T14:04:06+00:00 CRITICAL Uncaught Error: Call to undefined method WC_Product_Query::have_posts() in C:\xampp\htdocs\nhomK-woocommerce\wp-content\themes\Project-theme\woocommerce\archive-product.php:87
Stack trace:
#0 C:\xampp\htdocs\nhomK-woocommerce\wp-includes\template.php(724): require()
#1 C:\xampp\htdocs\nhomK-woocommerce\wp-includes\template.php(671): load_template('C:\\xampp\\htdocs...', false)
#2 C:\xampp\htdocs\nhomK-woocommerce\wp-includes\general-template.php(168): locate_template(Array, true, false)
#3 C:\xampp\htdocs\nhomK-woocommerce\wp-content\themes\Project-theme\functions.php(371): get_template_part('woocommerce/arc...', 'product')
#4 C:\xampp\htdocs\nhomK-woocommerce\wp-includes\class-wp-hook.php(286): menu_ajax('')
#5 C:\xampp\htdocs\nhomK-woocommerce\wp-includes\class-wp-hook.php(310): WP_Hook->apply_filters('', Array)
#6 C:\xampp\htdocs\nhomK-woocommerce\wp-includes\plugin.php(465): WP_Hook->do_action(Array)
#7 C:\xampp\htdocs\nhomK-woocommerce\wp-admin\admin-ajax.php(173): do_action('wp_ajax_menu_aj...')
#8 {mai in C:\xampp\htdocs\nhomK-woocommerce\wp-content\themes\Project-theme\woocommerce\archive-product.php on line 87

2019-10-09T14:05:08+00:00 CRITICAL Uncaught Error: Call to undefined method WC_Product_Query::query() in C:\xampp\htdocs\nhomK-woocommerce\wp-content\themes\Project-theme\woocommerce\archive-product.php:80
Stack trace:
#0 C:\xampp\htdocs\nhomK-woocommerce\wp-includes\template.php(724): require()
#1 C:\xampp\htdocs\nhomK-woocommerce\wp-includes\template.php(671): load_template('C:\\xampp\\htdocs...', false)
#2 C:\xampp\htdocs\nhomK-woocommerce\wp-includes\general-template.php(168): locate_template(Array, true, false)
#3 C:\xampp\htdocs\nhomK-woocommerce\wp-content\themes\Project-theme\functions.php(371): get_template_part('woocommerce/arc...', 'product')
#4 C:\xampp\htdocs\nhomK-woocommerce\wp-includes\class-wp-hook.php(286): menu_ajax('')
#5 C:\xampp\htdocs\nhomK-woocommerce\wp-includes\class-wp-hook.php(310): WP_Hook->apply_filters('', Array)
#6 C:\xampp\htdocs\nhomK-woocommerce\wp-includes\plugin.php(465): WP_Hook->do_action(Array)
#7 C:\xampp\htdocs\nhomK-woocommerce\wp-admin\admin-ajax.php(173): do_action('wp_ajax_menu_aj...')
#8 {main}
   in C:\xampp\htdocs\nhomK-woocommerce\wp-content\themes\Project-theme\woocommerce\archive-product.php on line 80

2019-10-09T14:06:30+00:00 CRITICAL Uncaught Error: Call to undefined method WC_Product_Query::query() in C:\xampp\htdocs\nhomK-woocommerce\wp-content\themes\Project-theme\woocommerce\archive-product.php:80
Stack trace:
#0 C:\xampp\htdocs\nhomK-woocommerce\wp-includes\template.php(724): require()
#1 C:\xampp\htdocs\nhomK-woocommerce\wp-includes\template.php(671): load_template('C:\\xampp\\htdocs...', false)
#2 C:\xampp\htdocs\nhomK-woocommerce\wp-includes\general-template.php(168): locate_template(Array, true, false)
#3 C:\xampp\htdocs\nhomK-woocommerce\wp-content\themes\Project-theme\functions.php(371): get_template_part('woocommerce/arc...', 'product')
#4 C:\xampp\htdocs\nhomK-woocommerce\wp-includes\class-wp-hook.php(286): menu_ajax('')
#5 C:\xampp\htdocs\nhomK-woocommerce\wp-includes\class-wp-hook.php(310): WP_Hook->apply_filters('', Array)
#6 C:\xampp\htdocs\nhomK-woocommerce\wp-includes\plugin.php(465): WP_Hook->do_action(Array)
#7 C:\xampp\htdocs\nhomK-woocommerce\wp-admin\admin-ajax.php(173): do_action('wp_ajax_menu_aj...')
#8 {main}
   in C:\xampp\htdocs\nhomK-woocommerce\wp-content\themes\Project-theme\woocommerce\archive-product.php on line 80

2019-10-09T14:17:34+00:00 CRITICAL Uncaught Error: Call to a member function have_posts() on array in C:\xampp\htdocs\nhomK-woocommerce\wp-content\themes\Project-theme\woocommerce\archive-product.php:87
Stack trace:
#0 C:\xampp\htdocs\nhomK-woocommerce\wp-includes\template.php(724): require()
#1 C:\xampp\htdocs\nhomK-woocommerce\wp-includes\template.php(671): load_template('C:\\xampp\\htdocs...', false)
#2 C:\xampp\htdocs\nhomK-woocommerce\wp-includes\general-template.php(168): locate_template(Array, true, false)
#3 C:\xampp\htdocs\nhomK-woocommerce\wp-content\themes\Project-theme\functions.php(371): get_template_part('woocommerce/arc...', 'product')
#4 C:\xampp\htdocs\nhomK-woocommerce\wp-includes\class-wp-hook.php(286): menu_ajax('')
#5 C:\xampp\htdocs\nhomK-woocommerce\wp-includes\class-wp-hook.php(310): WP_Hook->apply_filters('', Array)
#6 C:\xampp\htdocs\nhomK-woocommerce\wp-includes\plugin.php(465): WP_Hook->do_action(Array)
#7 C:\xampp\htdocs\nhomK-woocommerce\wp-admin\admin-ajax.php(173): do_action('wp_ajax_menu_aj...')
#8 {main}
  thr in C:\xampp\htdocs\nhomK-woocommerce\wp-content\themes\Project-theme\woocommerce\archive-product.php on line 87

2019-10-09T15:56:18+00:00 CRITICAL Uncaught Error: Call to undefined method WC_Product_Query::have_posts() in C:\xampp\htdocs\nhomK-woocommerce\wp-content\themes\Project-theme\woocommerce\archive-product.php:105
Stack trace:
#0 C:\xampp\htdocs\nhomK-woocommerce\wp-includes\template.php(724): require()
#1 C:\xampp\htdocs\nhomK-woocommerce\wp-content\plugins\woocommerce\includes\wc-core-functions.php(195): load_template('C:\\xampp\\htdocs...', false)
#2 C:\xampp\htdocs\nhomK-woocommerce\wp-content\plugins\woocommerce\includes\wc-deprecated-functions.php(330): wc_get_template_part('archive', 'product')
#3 C:\xampp\htdocs\nhomK-woocommerce\wp-content\themes\Project-theme\functions.php(371): woocommerce_get_template_part('archive', 'product')
#4 C:\xampp\htdocs\nhomK-woocommerce\wp-includes\class-wp-hook.php(286): menu_ajax('')
#5 C:\xampp\htdocs\nhomK-woocommerce\wp-includes\class-wp-hook.php(310): WP_Hook->apply_filters('', Array)
#6 C:\xampp\htdocs\nhomK-woocommerce\wp-includes\plugin.php(465): WP_Hook->do_action(Array)
#7 C:\xampp\htdocs\nhomK- in C:\xampp\htdocs\nhomK-woocommerce\wp-content\themes\Project-theme\woocommerce\archive-product.php on line 105

2019-10-09T15:56:24+00:00 CRITICAL Uncaught Error: Call to undefined method WC_Product_Query::have_posts() in C:\xampp\htdocs\nhomK-woocommerce\wp-content\themes\Project-theme\woocommerce\archive-product.php:105
Stack trace:
#0 C:\xampp\htdocs\nhomK-woocommerce\wp-includes\template.php(724): require()
#1 C:\xampp\htdocs\nhomK-woocommerce\wp-content\plugins\woocommerce\includes\wc-core-functions.php(195): load_template('C:\\xampp\\htdocs...', false)
#2 C:\xampp\htdocs\nhomK-woocommerce\wp-content\plugins\woocommerce\includes\wc-deprecated-functions.php(330): wc_get_template_part('archive', 'product')
#3 C:\xampp\htdocs\nhomK-woocommerce\wp-content\themes\Project-theme\functions.php(371): woocommerce_get_template_part('archive', 'product')
#4 C:\xampp\htdocs\nhomK-woocommerce\wp-includes\class-wp-hook.php(286): menu_ajax('')
#5 C:\xampp\htdocs\nhomK-woocommerce\wp-includes\class-wp-hook.php(310): WP_Hook->apply_filters('', Array)
#6 C:\xampp\htdocs\nhomK-woocommerce\wp-includes\plugin.php(465): WP_Hook->do_action(Array)
#7 C:\xampp\htdocs\nhomK- in C:\xampp\htdocs\nhomK-woocommerce\wp-content\themes\Project-theme\woocommerce\archive-product.php on line 105

2019-10-09T15:59:32+00:00 CRITICAL Uncaught Error: Call to undefined method WC_Product_Query::query() in C:\xampp\htdocs\nhomK-woocommerce\wp-content\themes\Project-theme\woocommerce\archive-product.php:84
Stack trace:
#0 C:\xampp\htdocs\nhomK-woocommerce\wp-includes\template.php(724): require()
#1 C:\xampp\htdocs\nhomK-woocommerce\wp-content\plugins\woocommerce\includes\wc-core-functions.php(195): load_template('C:\\xampp\\htdocs...', false)
#2 C:\xampp\htdocs\nhomK-woocommerce\wp-content\plugins\woocommerce\includes\wc-deprecated-functions.php(330): wc_get_template_part('archive', 'product')
#3 C:\xampp\htdocs\nhomK-woocommerce\wp-content\themes\Project-theme\functions.php(371): woocommerce_get_template_part('archive', 'product')
#4 C:\xampp\htdocs\nhomK-woocommerce\wp-includes\class-wp-hook.php(286): menu_ajax('')
#5 C:\xampp\htdocs\nhomK-woocommerce\wp-includes\class-wp-hook.php(310): WP_Hook->apply_filters('', Array)
#6 C:\xampp\htdocs\nhomK-woocommerce\wp-includes\plugin.php(465): WP_Hook->do_action(Array)
#7 C:\xampp\htdocs\nhomK-woocom in C:\xampp\htdocs\nhomK-woocommerce\wp-content\themes\Project-theme\woocommerce\archive-product.php on line 84

2019-10-09T15:59:43+00:00 CRITICAL Uncaught Error: Call to undefined method WC_Product_Query::query() in C:\xampp\htdocs\nhomK-woocommerce\wp-content\themes\Project-theme\woocommerce\archive-product.php:84
Stack trace:
#0 C:\xampp\htdocs\nhomK-woocommerce\wp-includes\template.php(724): require()
#1 C:\xampp\htdocs\nhomK-woocommerce\wp-content\plugins\woocommerce\includes\wc-core-functions.php(195): load_template('C:\\xampp\\htdocs...', false)
#2 C:\xampp\htdocs\nhomK-woocommerce\wp-content\plugins\woocommerce\includes\wc-deprecated-functions.php(330): wc_get_template_part('archive', 'product')
#3 C:\xampp\htdocs\nhomK-woocommerce\wp-content\themes\Project-theme\functions.php(371): woocommerce_get_template_part('archive', 'product')
#4 C:\xampp\htdocs\nhomK-woocommerce\wp-includes\class-wp-hook.php(286): menu_ajax('')
#5 C:\xampp\htdocs\nhomK-woocommerce\wp-includes\class-wp-hook.php(310): WP_Hook->apply_filters('', Array)
#6 C:\xampp\htdocs\nhomK-woocommerce\wp-includes\plugin.php(465): WP_Hook->do_action(Array)
#7 C:\xampp\htdocs\nhomK-woocom in C:\xampp\htdocs\nhomK-woocommerce\wp-content\themes\Project-theme\woocommerce\archive-product.php on line 84

2019-10-09T16:06:17+00:00 CRITICAL Uncaught Error: Call to protected method WC_Product_Query::get_default_query_vars() from context '' in C:\xampp\htdocs\nhomK-woocommerce\wp-content\themes\Project-theme\woocommerce\archive-product.php:84
Stack trace:
#0 C:\xampp\htdocs\nhomK-woocommerce\wp-includes\template.php(724): require()
#1 C:\xampp\htdocs\nhomK-woocommerce\wp-content\plugins\woocommerce\includes\wc-core-functions.php(195): load_template('C:\\xampp\\htdocs...', false)
#2 C:\xampp\htdocs\nhomK-woocommerce\wp-content\plugins\woocommerce\includes\wc-deprecated-functions.php(330): wc_get_template_part('archive', 'product')
#3 C:\xampp\htdocs\nhomK-woocommerce\wp-content\themes\Project-theme\functions.php(371): woocommerce_get_template_part('archive', 'product')
#4 C:\xampp\htdocs\nhomK-woocommerce\wp-includes\class-wp-hook.php(286): menu_ajax('')
#5 C:\xampp\htdocs\nhomK-woocommerce\wp-includes\class-wp-hook.php(310): WP_Hook->apply_filters('', Array)
#6 C:\xampp\htdocs\nhomK-woocommerce\wp-includes\plugin.php(465): WP_Hook->do_action(Array in C:\xampp\htdocs\nhomK-woocommerce\wp-content\themes\Project-theme\woocommerce\archive-product.php on line 84

2019-10-09T16:06:45+00:00 CRITICAL Uncaught Error: Call to protected method WC_Product_Query::get_default_query_vars() from context '' in C:\xampp\htdocs\nhomK-woocommerce\wp-content\themes\Project-theme\woocommerce\archive-product.php:84
Stack trace:
#0 C:\xampp\htdocs\nhomK-woocommerce\wp-includes\template.php(724): require()
#1 C:\xampp\htdocs\nhomK-woocommerce\wp-content\plugins\woocommerce\includes\wc-core-functions.php(195): load_template('C:\\xampp\\htdocs...', false)
#2 C:\xampp\htdocs\nhomK-woocommerce\wp-content\plugins\woocommerce\includes\wc-deprecated-functions.php(330): wc_get_template_part('archive', 'product')
#3 C:\xampp\htdocs\nhomK-woocommerce\wp-content\themes\Project-theme\functions.php(371): woocommerce_get_template_part('archive', 'product')
#4 C:\xampp\htdocs\nhomK-woocommerce\wp-includes\class-wp-hook.php(286): menu_ajax('')
#5 C:\xampp\htdocs\nhomK-woocommerce\wp-includes\class-wp-hook.php(310): WP_Hook->apply_filters('', Array)
#6 C:\xampp\htdocs\nhomK-woocommerce\wp-includes\plugin.php(465): WP_Hook->do_action(Array in C:\xampp\htdocs\nhomK-woocommerce\wp-content\themes\Project-theme\woocommerce\archive-product.php on line 84

2019-10-09T16:07:57+00:00 CRITICAL Uncaught ArgumentCountError: Too few arguments to function WP_Query::query(), 0 passed in C:\xampp\htdocs\nhomK-woocommerce\wp-content\themes\Project-theme\woocommerce\archive-product.php on line 69 and exactly 1 expected in C:\xampp\htdocs\nhomK-woocommerce\wp-includes\class-wp-query.php:3401
Stack trace:
#0 C:\xampp\htdocs\nhomK-woocommerce\wp-content\themes\Project-theme\woocommerce\archive-product.php(69): WP_Query->query()
#1 C:\xampp\htdocs\nhomK-woocommerce\wp-includes\template.php(724): require('C:\\xampp\\htdocs...')
#2 C:\xampp\htdocs\nhomK-woocommerce\wp-content\plugins\woocommerce\includes\wc-core-functions.php(195): load_template('C:\\xampp\\htdocs...', false)
#3 C:\xampp\htdocs\nhomK-woocommerce\wp-content\plugins\woocommerce\includes\wc-deprecated-functions.php(330): wc_get_template_part('archive', 'product')
#4 C:\xampp\htdocs\nhomK-woocommerce\wp-content\themes\Project-theme\functions.php(371): woocommerce_get_template_part('archive', 'product')
#5 C:\xampp\htdocs\nhomK-woocommerce\wp-include in C:\xampp\htdocs\nhomK-woocommerce\wp-includes\class-wp-query.php on line 3401

2019-10-09T16:10:05+00:00 CRITICAL Uncaught ArgumentCountError: Too few arguments to function WP_Query::query(), 0 passed in C:\xampp\htdocs\nhomK-woocommerce\wp-content\themes\Project-theme\woocommerce\archive-product.php on line 69 and exactly 1 expected in C:\xampp\htdocs\nhomK-woocommerce\wp-includes\class-wp-query.php:3401
Stack trace:
#0 C:\xampp\htdocs\nhomK-woocommerce\wp-content\themes\Project-theme\woocommerce\archive-product.php(69): WP_Query->query()
#1 C:\xampp\htdocs\nhomK-woocommerce\wp-includes\template.php(724): require('C:\\xampp\\htdocs...')
#2 C:\xampp\htdocs\nhomK-woocommerce\wp-content\plugins\woocommerce\includes\wc-core-functions.php(195): load_template('C:\\xampp\\htdocs...', false)
#3 C:\xampp\htdocs\nhomK-woocommerce\wp-content\plugins\woocommerce\includes\wc-deprecated-functions.php(330): wc_get_template_part('archive', 'product')
#4 C:\xampp\htdocs\nhomK-woocommerce\wp-content\themes\Project-theme\functions.php(371): woocommerce_get_template_part('archive', 'product')
#5 C:\xampp\htdocs\nhomK-woocommerce\wp-include in C:\xampp\htdocs\nhomK-woocommerce\wp-includes\class-wp-query.php on line 3401

2019-10-09T16:10:20+00:00 CRITICAL Uncaught ArgumentCountError: Too few arguments to function WP_Query::query(), 0 passed in C:\xampp\htdocs\nhomK-woocommerce\wp-content\themes\Project-theme\woocommerce\archive-product.php on line 69 and exactly 1 expected in C:\xampp\htdocs\nhomK-woocommerce\wp-includes\class-wp-query.php:3401
Stack trace:
#0 C:\xampp\htdocs\nhomK-woocommerce\wp-content\themes\Project-theme\woocommerce\archive-product.php(69): WP_Query->query()
#1 C:\xampp\htdocs\nhomK-woocommerce\wp-includes\template.php(724): require('C:\\xampp\\htdocs...')
#2 C:\xampp\htdocs\nhomK-woocommerce\wp-content\plugins\woocommerce\includes\wc-core-functions.php(195): load_template('C:\\xampp\\htdocs...', false)
#3 C:\xampp\htdocs\nhomK-woocommerce\wp-content\plugins\woocommerce\includes\wc-deprecated-functions.php(330): wc_get_template_part('archive', 'product')
#4 C:\xampp\htdocs\nhomK-woocommerce\wp-content\themes\Project-theme\functions.php(371): woocommerce_get_template_part('archive', 'product')
#5 C:\xampp\htdocs\nhomK-woocommerce\wp-include in C:\xampp\htdocs\nhomK-woocommerce\wp-includes\class-wp-query.php on line 3401

2019-10-09T16:11:02+00:00 CRITICAL Uncaught Error: Call to protected method WC_Product_Query::get_default_query_vars() from context '' in C:\xampp\htdocs\nhomK-woocommerce\wp-content\themes\Project-theme\woocommerce\archive-product.php:86
Stack trace:
#0 C:\xampp\htdocs\nhomK-woocommerce\wp-includes\template.php(724): require()
#1 C:\xampp\htdocs\nhomK-woocommerce\wp-content\plugins\woocommerce\includes\wc-core-functions.php(195): load_template('C:\\xampp\\htdocs...', false)
#2 C:\xampp\htdocs\nhomK-woocommerce\wp-content\plugins\woocommerce\includes\wc-deprecated-functions.php(330): wc_get_template_part('archive', 'product')
#3 C:\xampp\htdocs\nhomK-woocommerce\wp-content\themes\Project-theme\functions.php(371): woocommerce_get_template_part('archive', 'product')
#4 C:\xampp\htdocs\nhomK-woocommerce\wp-includes\class-wp-hook.php(286): menu_ajax('')
#5 C:\xampp\htdocs\nhomK-woocommerce\wp-includes\class-wp-hook.php(310): WP_Hook->apply_filters('', Array)
#6 C:\xampp\htdocs\nhomK-woocommerce\wp-includes\plugin.php(465): WP_Hook->do_action(Array in C:\xampp\htdocs\nhomK-woocommerce\wp-content\themes\Project-theme\woocommerce\archive-product.php on line 86

2019-10-09T16:21:29+00:00 CRITICAL Uncaught Error: Using $this when not in object context in C:\xampp\htdocs\nhomK-woocommerce\wp-content\themes\Project-theme\woocommerce\archive-product.php:86
Stack trace:
#0 C:\xampp\htdocs\nhomK-woocommerce\wp-includes\template.php(724): require()
#1 C:\xampp\htdocs\nhomK-woocommerce\wp-content\plugins\woocommerce\includes\wc-core-functions.php(195): load_template('C:\\xampp\\htdocs...', false)
#2 C:\xampp\htdocs\nhomK-woocommerce\wp-content\plugins\woocommerce\includes\wc-deprecated-functions.php(330): wc_get_template_part('archive', 'product')
#3 C:\xampp\htdocs\nhomK-woocommerce\wp-content\themes\Project-theme\functions.php(371): woocommerce_get_template_part('archive', 'product')
#4 C:\xampp\htdocs\nhomK-woocommerce\wp-includes\class-wp-hook.php(286): menu_ajax('')
#5 C:\xampp\htdocs\nhomK-woocommerce\wp-includes\class-wp-hook.php(310): WP_Hook->apply_filters('', Array)
#6 C:\xampp\htdocs\nhomK-woocommerce\wp-includes\plugin.php(465): WP_Hook->do_action(Array)
#7 C:\xampp\htdocs\nhomK-woocommerce\wp-adm in C:\xampp\htdocs\nhomK-woocommerce\wp-content\themes\Project-theme\woocommerce\archive-product.php on line 86

2019-10-09T16:32:23+00:00 CRITICAL Uncaught Error: Cannot instantiate abstract class WC_Object_Query in C:\xampp\htdocs\nhomK-woocommerce\wp-content\themes\Project-theme\woocommerce\archive-product.php:85
Stack trace:
#0 C:\xampp\htdocs\nhomK-woocommerce\wp-includes\template.php(724): require()
#1 C:\xampp\htdocs\nhomK-woocommerce\wp-content\plugins\woocommerce\includes\wc-core-functions.php(195): load_template('C:\\xampp\\htdocs...', false)
#2 C:\xampp\htdocs\nhomK-woocommerce\wp-content\plugins\woocommerce\includes\wc-deprecated-functions.php(330): wc_get_template_part('archive', 'product')
#3 C:\xampp\htdocs\nhomK-woocommerce\wp-content\themes\Project-theme\functions.php(371): woocommerce_get_template_part('archive', 'product')
#4 C:\xampp\htdocs\nhomK-woocommerce\wp-includes\class-wp-hook.php(286): menu_ajax('')
#5 C:\xampp\htdocs\nhomK-woocommerce\wp-includes\class-wp-hook.php(310): WP_Hook->apply_filters('', Array)
#6 C:\xampp\htdocs\nhomK-woocommerce\wp-includes\plugin.php(465): WP_Hook->do_action(Array)
#7 C:\xampp\htdocs\nhomK-woocomm in C:\xampp\htdocs\nhomK-woocommerce\wp-content\themes\Project-theme\woocommerce\archive-product.php on line 85

2019-10-09T17:46:51+00:00 CRITICAL Uncaught Error: Call to a member function have_posts() on array in C:\xampp\htdocs\nhomK-woocommerce\wp-content\themes\Project-theme\woocommerce\archive-product.php:95
Stack trace:
#0 C:\xampp\htdocs\nhomK-woocommerce\wp-includes\template.php(724): require()
#1 C:\xampp\htdocs\nhomK-woocommerce\wp-content\plugins\woocommerce\includes\wc-core-functions.php(195): load_template('C:\\xampp\\htdocs...', false)
#2 C:\xampp\htdocs\nhomK-woocommerce\wp-content\plugins\woocommerce\includes\wc-deprecated-functions.php(330): wc_get_template_part('archive', 'product')
#3 C:\xampp\htdocs\nhomK-woocommerce\wp-content\themes\Project-theme\functions.php(371): woocommerce_get_template_part('archive', 'product')
#4 C:\xampp\htdocs\nhomK-woocommerce\wp-includes\class-wp-hook.php(286): menu_ajax('')
#5 C:\xampp\htdocs\nhomK-woocommerce\wp-includes\class-wp-hook.php(310): WP_Hook->apply_filters('', Array)
#6 C:\xampp\htdocs\nhomK-woocommerce\wp-includes\plugin.php(465): WP_Hook->do_action(Array)
#7 C:\xampp\htdocs\nhomK-woocommer in C:\xampp\htdocs\nhomK-woocommerce\wp-content\themes\Project-theme\woocommerce\archive-product.php on line 95

